  LinkedListTest.cpp
c1xx : warning C4117: macro name '__cplusplus' is reserved, '#define' ignored
d:\code\has\arduino\examples\test\visual micro\.test.vsarduino.h(4): warning C4005: '__AVR_ATmega328p__': macro redefinition
  d:\code\has\arduino\examples\test\visual micro\.test.vsarduino.h(4): note: command-line arguments:  see previous definition of '__AVR_ATmega328p__'
d:\code\has\arduino\examples\test\visual micro\.test.vsarduino.h(5): warning C4005: '__AVR_ATmega328P__': macro redefinition
  d:\code\has\arduino\examples\test\visual micro\.test.vsarduino.h(5): note: command-line arguments:  see previous definition of '__AVR_ATmega328P__'
d:\code\has\arduino\examples\test\visual micro\.test.vsarduino.h(7): warning C4005: 'ARDUINO_MAIN': macro redefinition
  d:\code\has\arduino\examples\test\visual micro\.test.vsarduino.h(7): note: command-line arguments:  see previous definition of 'ARDUINO_MAIN'
d:\code\has\arduino\examples\test\visual micro\.test.vsarduino.h(8): warning C4005: '__AVR__': macro redefinition
  d:\code\has\arduino\examples\test\visual micro\.test.vsarduino.h(8): note: command-line arguments:  see previous definition of '__AVR__'
d:\code\has\arduino\examples\test\visual micro\.test.vsarduino.h(9): warning C4005: '__avr__': macro redefinition
  d:\code\has\arduino\examples\test\visual micro\.test.vsarduino.h(9): note: command-line arguments:  see previous definition of '__avr__'
d:\code\has\arduino\examples\test\visual micro\.test.vsarduino.h(11): warning C4117: macro name '__cplusplus' is reserved, '#define' ignored
d:\code\has\arduino\examples\test\visual micro\.test.vsarduino.h(18): warning C4005: '__asm__': macro redefinition
  d:\code\has\arduino\examples\test\visual micro\.test.vsarduino.h(13): note: see previous definition of '__asm__'
d:\code\has\arduino\examples\test\visual micro\.test.vsarduino.h(33): error C2065: 'uint8_t': undeclared identifier
d:\code\has\arduino\examples\test\visual micro\.test.vsarduino.h(33): error C2065: 'dataToWrite': undeclared identifier
d:\code\has\arduino\examples\test\visual micro\.test.vsarduino.h(33): error C2275: 'size_t': illegal use of this type as an expression
  d:\code\has\arduino\examples\test\predefined c++ types (compiler internal)(16): note: see declaration of 'size_t'
d:\code\has\arduino\examples\test\visual micro\.test.vsarduino.h(33): error C2146: syntax error: missing ')' before identifier 'length'
d:\code\has\arduino\examples\test\visual micro\.test.vsarduino.h(38): fatal error C1083: Cannot open include file: 'D:\Installs\Engineering Tools\Arduino\hardware\arduino\cores\arduino\arduino.h': No such file or directory
