Build started 11/29/2015 3:29:54 PM.
     1>Project "D:\Code\HAS\Arduino\Tests\ArduinoFunctionalTests\DS1820Test\DS1820Test.vcxproj" on node 5 (Build target(s)).
     1>ClCompile:
         D:\Installs\Dev\VS 2013\VC\bin\CL.exe /c /I"D:\Installs\Engineering Tools\Arduino\hardware\arduino\cores\arduino" /I"D:\Installs\Engineering Tools\Arduino\hardware\arduino\variants\standard" /ID:\Code\HAS\Arduino\libraries\HasTemperature /ID:\Code\HAS\Arduino\libraries\HasTemperature\utility /ID:\Code\HAS\Arduino\libraries\NanoPB /ID:\Code\HAS\Arduino\libraries\NanoPB\utility /ID:\Code\HAS\Arduino\libraries\Encoders /ID:\Code\HAS\Arduino\libraries\Encoders\utility /ID:\Code\HAS\Arduino\libraries\Sensor /ID:\Code\HAS\Arduino\libraries\Sensor\utility /ID:\Code\HAS\Arduino\libraries\TempControlLib /ID:\Code\HAS\Arduino\libraries\TempControlLib\utility /ID:\Code\HAS\Arduino\libraries\OneWire /ID:\Code\HAS\Arduino\libraries\OneWire\utility /ID:\Code\HAS\Arduino\libraries\Utilities /ID:\Code\HAS\Arduino\libraries\Utilities\utility /I"d:\installs\engineering tools\arduino\hardware\tools\avr\avr\include\\" /I"d:\installs\engineering tools\arduino\hardware\tools\avr\avr\include\avr\\" /I"d:\installs\engineering tools\arduino\hardware\tools\avr\avr\\" /I"d:\installs\engineering tools\arduino\hardware\tools\avr\lib\gcc\avr\4.3.2\include\\" /ZI /nologo /W3 /WX- /Od /Oy- /D __AVR_ATmega328p__ /D __AVR_ATmega328P__ /D ARDUINO=105 /D ARDUINO_MAIN /D __AVR__ /D __avr__ /D F_CPU=16000000L /D __cplusplus /D _MBCS /X /Gm /EHsc /RTC1 /MDd /GS /fp:precise /Zc:wchar_t /Zc:forScope /Fo"Debug\\" /Fd"Debug\vc120.pdb" /Gd /TP /FI"D:\Code\HAS\Arduino\Tests\ArduinoFunctionalTests\DS1820Test\Visual Micro\.DS1820Test.vsarduino.h" /analyze- /errorReport:prompt ..\..\..\Libraries\Encoders\NanoPbEncoderFactory.cpp ..\..\..\Libraries\Encoders\TemperatureEncoder.cpp ..\..\..\Libraries\HasTemperature\DS1820.cpp ..\..\..\Libraries\OneWire\OneWire.cpp ..\..\..\Libraries\Sensor\Sensor.cpp ..\..\..\Libraries\Sensor\SensorFactory.cpp ..\..\..\Libraries\TempControlLib\DallasTemperature.cpp
         DallasTemperature.cpp
     1>c1xx : warning C4117: macro name '__cplusplus' is reserved, '#define' ignored
     1>d:\code\has\arduino\tests\arduinofunctionaltests\ds1820test\visual micro\.ds1820test.vsarduino.h(4): warning C4005: '__AVR_ATmega328p__' : macro redefinition
                 command-line arguments :  see previous definition of '__AVR_ATmega328p__'
     1>d:\code\has\arduino\tests\arduinofunctionaltests\ds1820test\visual micro\.ds1820test.vsarduino.h(5): warning C4005: '__AVR_ATmega328P__' : macro redefinition
                 command-line arguments :  see previous definition of '__AVR_ATmega328P__'
     1>d:\code\has\arduino\tests\arduinofunctionaltests\ds1820test\visual micro\.ds1820test.vsarduino.h(7): warning C4005: 'ARDUINO_MAIN' : macro redefinition
                 command-line arguments :  see previous definition of 'ARDUINO_MAIN'
     1>d:\code\has\arduino\tests\arduinofunctionaltests\ds1820test\visual micro\.ds1820test.vsarduino.h(8): warning C4005: '__AVR__' : macro redefinition
                 command-line arguments :  see previous definition of '__AVR__'
     1>d:\code\has\arduino\tests\arduinofunctionaltests\ds1820test\visual micro\.ds1820test.vsarduino.h(9): warning C4005: '__avr__' : macro redefinition
                 command-line arguments :  see previous definition of '__avr__'
     1>d:\code\has\arduino\tests\arduinofunctionaltests\ds1820test\visual micro\.ds1820test.vsarduino.h(11): warning C4117: macro name '__cplusplus' is reserved, '#define' ignored
     1>d:\code\has\arduino\tests\arduinofunctionaltests\ds1820test\visual micro\.ds1820test.vsarduino.h(18): warning C4005: '__asm__' : macro redefinition
                 d:\code\has\arduino\tests\arduinofunctionaltests\ds1820test\visual micro\.ds1820test.vsarduino.h(13) : see previous definition of '__asm__'
     1>d:\code\has\arduino\tests\arduinofunctionaltests\ds1820test\visual micro\.ds1820test.vsarduino.h(33): error C2065: 'uint8_t' : undeclared identifier
     1>d:\code\has\arduino\tests\arduinofunctionaltests\ds1820test\visual micro\.ds1820test.vsarduino.h(33): error C2065: 'buffer' : undeclared identifier
     1>d:\code\has\arduino\tests\arduinofunctionaltests\ds1820test\visual micro\.ds1820test.vsarduino.h(33): error C2275: 'size_t' : illegal use of this type as an expression
                 d:\code\has\arduino\tests\arduinofunctionaltests\ds1820test\predefined c++ types (compiler internal)(19) : see declaration of 'size_t'
     1>d:\code\has\arduino\tests\arduinofunctionaltests\ds1820test\visual micro\.ds1820test.vsarduino.h(33): error C2146: syntax error : missing ')' before identifier 'numberOfBytes'
     1>d:\code\has\arduino\tests\arduinofunctionaltests\ds1820test\visual micro\.ds1820test.vsarduino.h(33): error C2182: 'WriteUpdate' : illegal use of type 'void'
                 d:\code\has\arduino\tests\arduinofunctionaltests\ds1820test\predefined c++ types (compiler internal)(19) : see declaration of 'size_t'
     1>d:\code\has\arduino\tests\arduinofunctionaltests\ds1820test\visual micro\.ds1820test.vsarduino.h(33): error C2059: syntax error : ')'
     1>d:\code\has\arduino\tests\arduinofunctionaltests\ds1820test\visual micro\.ds1820test.vsarduino.h(37): fatal error C1083: Cannot open include file: 'D:\Installs\Engineering Tools\Arduino\hardware\arduino\cores\arduino\arduino.h': No such file or directory
         SensorFactory.cpp
     1>c1xx : warning C4117: macro name '__cplusplus' is reserved, '#define' ignored
     1>d:\code\has\arduino\tests\arduinofunctionaltests\ds1820test\visual micro\.ds1820test.vsarduino.h(4): warning C4005: '__AVR_ATmega328p__' : macro redefinition
                 command-line arguments :  see previous definition of '__AVR_ATmega328p__'
     1>d:\code\has\arduino\tests\arduinofunctionaltests\ds1820test\visual micro\.ds1820test.vsarduino.h(5): warning C4005: '__AVR_ATmega328P__' : macro redefinition
                 command-line arguments :  see previous definition of '__AVR_ATmega328P__'
     1>d:\code\has\arduino\tests\arduinofunctionaltests\ds1820test\visual micro\.ds1820test.vsarduino.h(7): warning C4005: 'ARDUINO_MAIN' : macro redefinition
                 command-line arguments :  see previous definition of 'ARDUINO_MAIN'
     1>d:\code\has\arduino\tests\arduinofunctionaltests\ds1820test\visual micro\.ds1820test.vsarduino.h(8): warning C4005: '__AVR__' : macro redefinition
                 command-line arguments :  see previous definition of '__AVR__'
     1>d:\code\has\arduino\tests\arduinofunctionaltests\ds1820test\visual micro\.ds1820test.vsarduino.h(9): warning C4005: '__avr__' : macro redefinition
                 command-line arguments :  see previous definition of '__avr__'
     1>d:\code\has\arduino\tests\arduinofunctionaltests\ds1820test\visual micro\.ds1820test.vsarduino.h(11): warning C4117: macro name '__cplusplus' is reserved, '#define' ignored
     1>d:\code\has\arduino\tests\arduinofunctionaltests\ds1820test\visual micro\.ds1820test.vsarduino.h(18): warning C4005: '__asm__' : macro redefinition
                 d:\code\has\arduino\tests\arduinofunctionaltests\ds1820test\visual micro\.ds1820test.vsarduino.h(13) : see previous definition of '__asm__'
     1>d:\code\has\arduino\tests\arduinofunctionaltests\ds1820test\visual micro\.ds1820test.vsarduino.h(33): error C2065: 'uint8_t' : undeclared identifier
     1>d:\code\has\arduino\tests\arduinofunctionaltests\ds1820test\visual micro\.ds1820test.vsarduino.h(33): error C2065: 'buffer' : undeclared identifier
     1>d:\code\has\arduino\tests\arduinofunctionaltests\ds1820test\visual micro\.ds1820test.vsarduino.h(33): error C2275: 'size_t' : illegal use of this type as an expression
                 d:\code\has\arduino\tests\arduinofunctionaltests\ds1820test\predefined c++ types (compiler internal)(19) : see declaration of 'size_t'
     1>d:\code\has\arduino\tests\arduinofunctionaltests\ds1820test\visual micro\.ds1820test.vsarduino.h(33): error C2146: syntax error : missing ')' before identifier 'numberOfBytes'
     1>d:\code\has\arduino\tests\arduinofunctionaltests\ds1820test\visual micro\.ds1820test.vsarduino.h(33): error C2182: 'WriteUpdate' : illegal use of type 'void'
                 d:\code\has\arduino\tests\arduinofunctionaltests\ds1820test\predefined c++ types (compiler internal)(19) : see declaration of 'size_t'
     1>d:\code\has\arduino\tests\arduinofunctionaltests\ds1820test\visual micro\.ds1820test.vsarduino.h(33): error C2059: syntax error : ')'
     1>d:\code\has\arduino\tests\arduinofunctionaltests\ds1820test\visual micro\.ds1820test.vsarduino.h(37): fatal error C1083: Cannot open include file: 'D:\Installs\Engineering Tools\Arduino\hardware\arduino\cores\arduino\arduino.h': No such file or directory
         Sensor.cpp
     1>c1xx : warning C4117: macro name '__cplusplus' is reserved, '#define' ignored
     1>d:\code\has\arduino\tests\arduinofunctionaltests\ds1820test\visual micro\.ds1820test.vsarduino.h(4): warning C4005: '__AVR_ATmega328p__' : macro redefinition
                 command-line arguments :  see previous definition of '__AVR_ATmega328p__'
     1>d:\code\has\arduino\tests\arduinofunctionaltests\ds1820test\visual micro\.ds1820test.vsarduino.h(5): warning C4005: '__AVR_ATmega328P__' : macro redefinition
                 command-line arguments :  see previous definition of '__AVR_ATmega328P__'
     1>d:\code\has\arduino\tests\arduinofunctionaltests\ds1820test\visual micro\.ds1820test.vsarduino.h(7): warning C4005: 'ARDUINO_MAIN' : macro redefinition
                 command-line arguments :  see previous definition of 'ARDUINO_MAIN'
     1>d:\code\has\arduino\tests\arduinofunctionaltests\ds1820test\visual micro\.ds1820test.vsarduino.h(8): warning C4005: '__AVR__' : macro redefinition
                 command-line arguments :  see previous definition of '__AVR__'
     1>d:\code\has\arduino\tests\arduinofunctionaltests\ds1820test\visual micro\.ds1820test.vsarduino.h(9): warning C4005: '__avr__' : macro redefinition
                 command-line arguments :  see previous definition of '__avr__'
     1>d:\code\has\arduino\tests\arduinofunctionaltests\ds1820test\visual micro\.ds1820test.vsarduino.h(11): warning C4117: macro name '__cplusplus' is reserved, '#define' ignored
     1>d:\code\has\arduino\tests\arduinofunctionaltests\ds1820test\visual micro\.ds1820test.vsarduino.h(18): warning C4005: '__asm__' : macro redefinition
                 d:\code\has\arduino\tests\arduinofunctionaltests\ds1820test\visual micro\.ds1820test.vsarduino.h(13) : see previous definition of '__asm__'
     1>d:\code\has\arduino\tests\arduinofunctionaltests\ds1820test\visual micro\.ds1820test.vsarduino.h(33): error C2065: 'uint8_t' : undeclared identifier
     1>d:\code\has\arduino\tests\arduinofunctionaltests\ds1820test\visual micro\.ds1820test.vsarduino.h(33): error C2065: 'buffer' : undeclared identifier
     1>d:\code\has\arduino\tests\arduinofunctionaltests\ds1820test\visual micro\.ds1820test.vsarduino.h(33): error C2275: 'size_t' : illegal use of this type as an expression
                 d:\code\has\arduino\tests\arduinofunctionaltests\ds1820test\predefined c++ types (compiler internal)(19) : see declaration of 'size_t'
     1>d:\code\has\arduino\tests\arduinofunctionaltests\ds1820test\visual micro\.ds1820test.vsarduino.h(33): error C2146: syntax error : missing ')' before identifier 'numberOfBytes'
     1>d:\code\has\arduino\tests\arduinofunctionaltests\ds1820test\visual micro\.ds1820test.vsarduino.h(33): error C2182: 'WriteUpdate' : illegal use of type 'void'
                 d:\code\has\arduino\tests\arduinofunctionaltests\ds1820test\predefined c++ types (compiler internal)(19) : see declaration of 'size_t'
     1>d:\code\has\arduino\tests\arduinofunctionaltests\ds1820test\visual micro\.ds1820test.vsarduino.h(33): error C2059: syntax error : ')'
     1>d:\code\has\arduino\tests\arduinofunctionaltests\ds1820test\visual micro\.ds1820test.vsarduino.h(37): fatal error C1083: Cannot open include file: 'D:\Installs\Engineering Tools\Arduino\hardware\arduino\cores\arduino\arduino.h': No such file or directory
         OneWire.cpp
     1>c1xx : warning C4117: macro name '__cplusplus' is reserved, '#define' ignored
     1>d:\code\has\arduino\tests\arduinofunctionaltests\ds1820test\visual micro\.ds1820test.vsarduino.h(4): warning C4005: '__AVR_ATmega328p__' : macro redefinition
                 command-line arguments :  see previous definition of '__AVR_ATmega328p__'
     1>d:\code\has\arduino\tests\arduinofunctionaltests\ds1820test\visual micro\.ds1820test.vsarduino.h(5): warning C4005: '__AVR_ATmega328P__' : macro redefinition
                 command-line arguments :  see previous definition of '__AVR_ATmega328P__'
     1>d:\code\has\arduino\tests\arduinofunctionaltests\ds1820test\visual micro\.ds1820test.vsarduino.h(7): warning C4005: 'ARDUINO_MAIN' : macro redefinition
                 command-line arguments :  see previous definition of 'ARDUINO_MAIN'
     1>d:\code\has\arduino\tests\arduinofunctionaltests\ds1820test\visual micro\.ds1820test.vsarduino.h(8): warning C4005: '__AVR__' : macro redefinition
                 command-line arguments :  see previous definition of '__AVR__'
     1>d:\code\has\arduino\tests\arduinofunctionaltests\ds1820test\visual micro\.ds1820test.vsarduino.h(9): warning C4005: '__avr__' : macro redefinition
                 command-line arguments :  see previous definition of '__avr__'
     1>d:\code\has\arduino\tests\arduinofunctionaltests\ds1820test\visual micro\.ds1820test.vsarduino.h(11): warning C4117: macro name '__cplusplus' is reserved, '#define' ignored
     1>d:\code\has\arduino\tests\arduinofunctionaltests\ds1820test\visual micro\.ds1820test.vsarduino.h(18): warning C4005: '__asm__' : macro redefinition
                 d:\code\has\arduino\tests\arduinofunctionaltests\ds1820test\visual micro\.ds1820test.vsarduino.h(13) : see previous definition of '__asm__'
     1>d:\code\has\arduino\tests\arduinofunctionaltests\ds1820test\visual micro\.ds1820test.vsarduino.h(33): error C2065: 'uint8_t' : undeclared identifier
     1>d:\code\has\arduino\tests\arduinofunctionaltests\ds1820test\visual micro\.ds1820test.vsarduino.h(33): error C2065: 'buffer' : undeclared identifier
     1>d:\code\has\arduino\tests\arduinofunctionaltests\ds1820test\visual micro\.ds1820test.vsarduino.h(33): error C2275: 'size_t' : illegal use of this type as an expression
                 d:\code\has\arduino\tests\arduinofunctionaltests\ds1820test\predefined c++ types (compiler internal)(19) : see declaration of 'size_t'
     1>d:\code\has\arduino\tests\arduinofunctionaltests\ds1820test\visual micro\.ds1820test.vsarduino.h(33): error C2146: syntax error : missing ')' before identifier 'numberOfBytes'
     1>d:\code\has\arduino\tests\arduinofunctionaltests\ds1820test\visual micro\.ds1820test.vsarduino.h(33): error C2182: 'WriteUpdate' : illegal use of type 'void'
                 d:\code\has\arduino\tests\arduinofunctionaltests\ds1820test\predefined c++ types (compiler internal)(19) : see declaration of 'size_t'
     1>d:\code\has\arduino\tests\arduinofunctionaltests\ds1820test\visual micro\.ds1820test.vsarduino.h(33): error C2059: syntax error : ')'
     1>d:\code\has\arduino\tests\arduinofunctionaltests\ds1820test\visual micro\.ds1820test.vsarduino.h(37): fatal error C1083: Cannot open include file: 'D:\Installs\Engineering Tools\Arduino\hardware\arduino\cores\arduino\arduino.h': No such file or directory
         DS1820.cpp
     1>c1xx : warning C4117: macro name '__cplusplus' is reserved, '#define' ignored
     1>d:\code\has\arduino\tests\arduinofunctionaltests\ds1820test\visual micro\.ds1820test.vsarduino.h(4): warning C4005: '__AVR_ATmega328p__' : macro redefinition
                 command-line arguments :  see previous definition of '__AVR_ATmega328p__'
     1>d:\code\has\arduino\tests\arduinofunctionaltests\ds1820test\visual micro\.ds1820test.vsarduino.h(5): warning C4005: '__AVR_ATmega328P__' : macro redefinition
                 command-line arguments :  see previous definition of '__AVR_ATmega328P__'
     1>d:\code\has\arduino\tests\arduinofunctionaltests\ds1820test\visual micro\.ds1820test.vsarduino.h(7): warning C4005: 'ARDUINO_MAIN' : macro redefinition
                 command-line arguments :  see previous definition of 'ARDUINO_MAIN'
     1>d:\code\has\arduino\tests\arduinofunctionaltests\ds1820test\visual micro\.ds1820test.vsarduino.h(8): warning C4005: '__AVR__' : macro redefinition
                 command-line arguments :  see previous definition of '__AVR__'
     1>d:\code\has\arduino\tests\arduinofunctionaltests\ds1820test\visual micro\.ds1820test.vsarduino.h(9): warning C4005: '__avr__' : macro redefinition
                 command-line arguments :  see previous definition of '__avr__'
     1>d:\code\has\arduino\tests\arduinofunctionaltests\ds1820test\visual micro\.ds1820test.vsarduino.h(11): warning C4117: macro name '__cplusplus' is reserved, '#define' ignored
     1>d:\code\has\arduino\tests\arduinofunctionaltests\ds1820test\visual micro\.ds1820test.vsarduino.h(18): warning C4005: '__asm__' : macro redefinition
                 d:\code\has\arduino\tests\arduinofunctionaltests\ds1820test\visual micro\.ds1820test.vsarduino.h(13) : see previous definition of '__asm__'
     1>d:\code\has\arduino\tests\arduinofunctionaltests\ds1820test\visual micro\.ds1820test.vsarduino.h(33): error C2065: 'uint8_t' : undeclared identifier
     1>d:\code\has\arduino\tests\arduinofunctionaltests\ds1820test\visual micro\.ds1820test.vsarduino.h(33): error C2065: 'buffer' : undeclared identifier
     1>d:\code\has\arduino\tests\arduinofunctionaltests\ds1820test\visual micro\.ds1820test.vsarduino.h(33): error C2275: 'size_t' : illegal use of this type as an expression
                 d:\code\has\arduino\tests\arduinofunctionaltests\ds1820test\predefined c++ types (compiler internal)(19) : see declaration of 'size_t'
     1>d:\code\has\arduino\tests\arduinofunctionaltests\ds1820test\visual micro\.ds1820test.vsarduino.h(33): error C2146: syntax error : missing ')' before identifier 'numberOfBytes'
     1>d:\code\has\arduino\tests\arduinofunctionaltests\ds1820test\visual micro\.ds1820test.vsarduino.h(33): error C2182: 'WriteUpdate' : illegal use of type 'void'
                 d:\code\has\arduino\tests\arduinofunctionaltests\ds1820test\predefined c++ types (compiler internal)(19) : see declaration of 'size_t'
     1>d:\code\has\arduino\tests\arduinofunctionaltests\ds1820test\visual micro\.ds1820test.vsarduino.h(33): error C2059: syntax error : ')'
     1>d:\code\has\arduino\tests\arduinofunctionaltests\ds1820test\visual micro\.ds1820test.vsarduino.h(37): fatal error C1083: Cannot open include file: 'D:\Installs\Engineering Tools\Arduino\hardware\arduino\cores\arduino\arduino.h': No such file or directory
         TemperatureEncoder.cpp
     1>c1xx : warning C4117: macro name '__cplusplus' is reserved, '#define' ignored
     1>d:\code\has\arduino\tests\arduinofunctionaltests\ds1820test\visual micro\.ds1820test.vsarduino.h(4): warning C4005: '__AVR_ATmega328p__' : macro redefinition
                 command-line arguments :  see previous definition of '__AVR_ATmega328p__'
     1>d:\code\has\arduino\tests\arduinofunctionaltests\ds1820test\visual micro\.ds1820test.vsarduino.h(5): warning C4005: '__AVR_ATmega328P__' : macro redefinition
                 command-line arguments :  see previous definition of '__AVR_ATmega328P__'
     1>d:\code\has\arduino\tests\arduinofunctionaltests\ds1820test\visual micro\.ds1820test.vsarduino.h(7): warning C4005: 'ARDUINO_MAIN' : macro redefinition
                 command-line arguments :  see previous definition of 'ARDUINO_MAIN'
     1>d:\code\has\arduino\tests\arduinofunctionaltests\ds1820test\visual micro\.ds1820test.vsarduino.h(8): warning C4005: '__AVR__' : macro redefinition
                 command-line arguments :  see previous definition of '__AVR__'
     1>d:\code\has\arduino\tests\arduinofunctionaltests\ds1820test\visual micro\.ds1820test.vsarduino.h(9): warning C4005: '__avr__' : macro redefinition
                 command-line arguments :  see previous definition of '__avr__'
     1>d:\code\has\arduino\tests\arduinofunctionaltests\ds1820test\visual micro\.ds1820test.vsarduino.h(11): warning C4117: macro name '__cplusplus' is reserved, '#define' ignored
     1>d:\code\has\arduino\tests\arduinofunctionaltests\ds1820test\visual micro\.ds1820test.vsarduino.h(18): warning C4005: '__asm__' : macro redefinition
                 d:\code\has\arduino\tests\arduinofunctionaltests\ds1820test\visual micro\.ds1820test.vsarduino.h(13) : see previous definition of '__asm__'
     1>d:\code\has\arduino\tests\arduinofunctionaltests\ds1820test\visual micro\.ds1820test.vsarduino.h(33): error C2065: 'uint8_t' : undeclared identifier
     1>d:\code\has\arduino\tests\arduinofunctionaltests\ds1820test\visual micro\.ds1820test.vsarduino.h(33): error C2065: 'buffer' : undeclared identifier
     1>d:\code\has\arduino\tests\arduinofunctionaltests\ds1820test\visual micro\.ds1820test.vsarduino.h(33): error C2275: 'size_t' : illegal use of this type as an expression
                 d:\code\has\arduino\tests\arduinofunctionaltests\ds1820test\predefined c++ types (compiler internal)(19) : see declaration of 'size_t'
     1>d:\code\has\arduino\tests\arduinofunctionaltests\ds1820test\visual micro\.ds1820test.vsarduino.h(33): error C2146: syntax error : missing ')' before identifier 'numberOfBytes'
     1>d:\code\has\arduino\tests\arduinofunctionaltests\ds1820test\visual micro\.ds1820test.vsarduino.h(33): error C2182: 'WriteUpdate' : illegal use of type 'void'
                 d:\code\has\arduino\tests\arduinofunctionaltests\ds1820test\predefined c++ types (compiler internal)(19) : see declaration of 'size_t'
     1>d:\code\has\arduino\tests\arduinofunctionaltests\ds1820test\visual micro\.ds1820test.vsarduino.h(33): error C2059: syntax error : ')'
     1>d:\code\has\arduino\tests\arduinofunctionaltests\ds1820test\visual micro\.ds1820test.vsarduino.h(37): fatal error C1083: Cannot open include file: 'D:\Installs\Engineering Tools\Arduino\hardware\arduino\cores\arduino\arduino.h': No such file or directory
         NanoPbEncoderFactory.cpp
     1>c1xx : warning C4117: macro name '__cplusplus' is reserved, '#define' ignored
     1>d:\code\has\arduino\tests\arduinofunctionaltests\ds1820test\visual micro\.ds1820test.vsarduino.h(4): warning C4005: '__AVR_ATmega328p__' : macro redefinition
                 command-line arguments :  see previous definition of '__AVR_ATmega328p__'
     1>d:\code\has\arduino\tests\arduinofunctionaltests\ds1820test\visual micro\.ds1820test.vsarduino.h(5): warning C4005: '__AVR_ATmega328P__' : macro redefinition
                 command-line arguments :  see previous definition of '__AVR_ATmega328P__'
     1>d:\code\has\arduino\tests\arduinofunctionaltests\ds1820test\visual micro\.ds1820test.vsarduino.h(7): warning C4005: 'ARDUINO_MAIN' : macro redefinition
                 command-line arguments :  see previous definition of 'ARDUINO_MAIN'
     1>d:\code\has\arduino\tests\arduinofunctionaltests\ds1820test\visual micro\.ds1820test.vsarduino.h(8): warning C4005: '__AVR__' : macro redefinition
                 command-line arguments :  see previous definition of '__AVR__'
     1>d:\code\has\arduino\tests\arduinofunctionaltests\ds1820test\visual micro\.ds1820test.vsarduino.h(9): warning C4005: '__avr__' : macro redefinition
                 command-line arguments :  see previous definition of '__avr__'
     1>d:\code\has\arduino\tests\arduinofunctionaltests\ds1820test\visual micro\.ds1820test.vsarduino.h(11): warning C4117: macro name '__cplusplus' is reserved, '#define' ignored
     1>d:\code\has\arduino\tests\arduinofunctionaltests\ds1820test\visual micro\.ds1820test.vsarduino.h(18): warning C4005: '__asm__' : macro redefinition
                 d:\code\has\arduino\tests\arduinofunctionaltests\ds1820test\visual micro\.ds1820test.vsarduino.h(13) : see previous definition of '__asm__'
     1>d:\code\has\arduino\tests\arduinofunctionaltests\ds1820test\visual micro\.ds1820test.vsarduino.h(33): error C2065: 'uint8_t' : undeclared identifier
     1>d:\code\has\arduino\tests\arduinofunctionaltests\ds1820test\visual micro\.ds1820test.vsarduino.h(33): error C2065: 'buffer' : undeclared identifier
     1>d:\code\has\arduino\tests\arduinofunctionaltests\ds1820test\visual micro\.ds1820test.vsarduino.h(33): error C2275: 'size_t' : illegal use of this type as an expression
                 d:\code\has\arduino\tests\arduinofunctionaltests\ds1820test\predefined c++ types (compiler internal)(19) : see declaration of 'size_t'
     1>d:\code\has\arduino\tests\arduinofunctionaltests\ds1820test\visual micro\.ds1820test.vsarduino.h(33): error C2146: syntax error : missing ')' before identifier 'numberOfBytes'
     1>d:\code\has\arduino\tests\arduinofunctionaltests\ds1820test\visual micro\.ds1820test.vsarduino.h(33): error C2182: 'WriteUpdate' : illegal use of type 'void'
                 d:\code\has\arduino\tests\arduinofunctionaltests\ds1820test\predefined c++ types (compiler internal)(19) : see declaration of 'size_t'
     1>d:\code\has\arduino\tests\arduinofunctionaltests\ds1820test\visual micro\.ds1820test.vsarduino.h(33): error C2059: syntax error : ')'
     1>d:\code\has\arduino\tests\arduinofunctionaltests\ds1820test\visual micro\.ds1820test.vsarduino.h(37): fatal error C1083: Cannot open include file: 'D:\Installs\Engineering Tools\Arduino\hardware\arduino\cores\arduino\arduino.h': No such file or directory
         Generating Code...
     1>Done Building Project "D:\Code\HAS\Arduino\Tests\ArduinoFunctionalTests\DS1820Test\DS1820Test.vcxproj" (Build target(s)) -- FAILED.

Build FAILED.

Time Elapsed 00:00:01.71
