Build started 2/6/2014 7:59:30 PM.
     1>Project "D:\Code\HAS\Arduino\Loads\MainLoad\MainLoad.vcxproj" on node 2 (ClCompile target(s)).
     1>ClCompile:
         d:\Installs\Engineering Tools\Visual Studio 2010\VC\bin\CL.exe /c /I"D:\Installs\Engineering Tools\Arduino\hardware\arduino\cores\arduino" /I"D:\Installs\Engineering Tools\Arduino\hardware\arduino\variants\standard" /ID:\Code\HAS\Arduino\libraries\Sensor /ID:\Code\HAS\Arduino\libraries\Sensor\utility /ID:\Code\HAS\Arduino\libraries\Encoders /ID:\Code\HAS\Arduino\libraries\Encoders\utility /ID:\Code\HAS\Arduino\libraries\Messaging /ID:\Code\HAS\Arduino\libraries\Messaging\utility /ID:\Code\HAS\Arduino\libraries\Utilities /ID:\Code\HAS\Arduino\libraries\Utilities\utility /ID:\Code\HAS\Arduino\libraries\HasTemperature /ID:\Code\HAS\Arduino\libraries\HasTemperature\utility /I"d:\installs\engineering tools\arduino\hardware\tools\avr\avr\include\\" /I"d:\installs\engineering tools\arduino\hardware\tools\avr\avr\include\avr\\" /I"d:\installs\engineering tools\arduino\hardware\tools\avr\avr\\" /I"d:\installs\engineering tools\arduino\hardware\tools\avr\lib\gcc\avr\4.3.2\include\\" /ZI /nologo /W3 /WX- /Od /Oy- /D __AVR_ATmega328p__ /D __AVR_ATmega328P__ /D ARDUINO=105 /D ARDUINO_MAIN /D __AVR__ /D __avr__ /D F_CPU=16000000L /D __cplusplus /D _MBCS /X /Gm /EHsc /RTC1 /MDd /GS /fp:precise /Zc:wchar_t /Zc:forScope /Fo"Debug\\" /Fd"Debug\vc100.pdb" /Gd /TP /FI"D:\Code\HAS\Arduino\Loads\MainLoad\Visual Micro\.MainLoad.vsarduino.h" /analyze- /errorReport:prompt ..\..\Libraries\HasTemperature\DS1820.cpp
         DS1820.cpp
     1>c1xx : warning C4117: macro name '__cplusplus' is reserved, '#define' ignored
     1>d:\code\has\arduino\loads\mainload\visual micro\.mainload.vsarduino.h(4): warning C4005: '__AVR_ATmega328p__' : macro redefinition
                 command-line arguments :  see previous definition of '__AVR_ATmega328p__'
     1>d:\code\has\arduino\loads\mainload\visual micro\.mainload.vsarduino.h(5): warning C4005: '__AVR_ATmega328P__' : macro redefinition
                 command-line arguments :  see previous definition of '__AVR_ATmega328P__'
     1>d:\code\has\arduino\loads\mainload\visual micro\.mainload.vsarduino.h(7): warning C4005: 'ARDUINO_MAIN' : macro redefinition
                 command-line arguments :  see previous definition of 'ARDUINO_MAIN'
     1>d:\code\has\arduino\loads\mainload\visual micro\.mainload.vsarduino.h(8): warning C4005: '__AVR__' : macro redefinition
                 command-line arguments :  see previous definition of '__AVR__'
     1>d:\code\has\arduino\loads\mainload\visual micro\.mainload.vsarduino.h(9): warning C4005: '__avr__' : macro redefinition
                 command-line arguments :  see previous definition of '__avr__'
     1>d:\code\has\arduino\loads\mainload\visual micro\.mainload.vsarduino.h(11): warning C4117: macro name '__cplusplus' is reserved, '#define' ignored
     1>d:\code\has\arduino\loads\mainload\visual micro\.mainload.vsarduino.h(18): warning C4005: '__asm__' : macro redefinition
                 d:\code\has\arduino\loads\mainload\visual micro\.mainload.vsarduino.h(13) : see previous definition of '__asm__'
     1>d:\code\has\arduino\loads\mainload\visual micro\.mainload.vsarduino.h(33): error C2065: 'uint8_t' : undeclared identifier
     1>d:\code\has\arduino\loads\mainload\visual micro\.mainload.vsarduino.h(33): error C2065: 'buffer' : undeclared identifier
     1>d:\code\has\arduino\loads\mainload\visual micro\.mainload.vsarduino.h(33): error C2275: 'size_t' : illegal use of this type as an expression
                 d:\code\has\arduino\loads\mainload\predefined c++ types (compiler internal)(19) : see declaration of 'size_t'
     1>d:\code\has\arduino\loads\mainload\visual micro\.mainload.vsarduino.h(33): error C2146: syntax error : missing ')' before identifier 'numberOfBytes'
     1>d:\code\has\arduino\loads\mainload\visual micro\.mainload.vsarduino.h(33): error C2182: 'WriteToSerial' : illegal use of type 'void'
     1>d:\code\has\arduino\loads\mainload\visual micro\.mainload.vsarduino.h(33): error C2078: too many initializers
     1>d:\code\has\arduino\loads\mainload\visual micro\.mainload.vsarduino.h(33): error C2275: 'size_t' : illegal use of this type as an expression
                 d:\code\has\arduino\loads\mainload\predefined c++ types (compiler internal)(19) : see declaration of 'size_t'
     1>d:\code\has\arduino\loads\mainload\visual micro\.mainload.vsarduino.h(33): error C2059: syntax error : ')'
     1>d:\installs\engineering tools\arduino\hardware\tools\avr\lib\gcc\avr\4.3.2\include\stddef.h(214): error C2371: 'size_t' : redefinition; different basic types
                 d:\code\has\arduino\loads\mainload\predefined c++ types (compiler internal)(19) : see declaration of 'size_t'
     1>d:\installs\engineering tools\arduino\hardware\tools\avr\avr\include\stdlib.h(106): error C3646: '__ATTR_NORETURN__' : unknown override specifier
     1>d:\installs\engineering tools\arduino\hardware\tools\avr\avr\include\stdlib.h(152): error C2072: 'div' : initialization of a function
     1>d:\installs\engineering tools\arduino\hardware\tools\avr\avr\include\stdlib.h(152): error C2440: 'initializing' : cannot convert from 'const char [12]' to 'div_t (int,int)'
                 There are no conversions to function types, although there are conversions to references or pointers to functions
     1>d:\installs\engineering tools\arduino\hardware\tools\avr\avr\include\stdlib.h(158): error C2072: 'ldiv' : initialization of a function
     1>d:\installs\engineering tools\arduino\hardware\tools\avr\avr\include\stdlib.h(158): error C2440: 'initializing' : cannot convert from 'const char [12]' to 'ldiv_t (long,long)'
                 There are no conversions to function types, although there are conversions to references or pointers to functions
     1>d:\installs\engineering tools\arduino\hardware\tools\avr\avr\include\stdlib.h(278): error C3646: '__ATTR_NORETURN__' : unknown override specifier
     1>d:\installs\engineering tools\arduino\hardware\tools\avr\avr\include\stdlib.h(290): error C3646: '__ATTR_MALLOC__' : unknown override specifier
     1>d:\installs\engineering tools\arduino\hardware\tools\avr\avr\include\stdlib.h(319): error C3646: '__ATTR_MALLOC__' : unknown override specifier
     1>d:\installs\engineering tools\arduino\hardware\tools\avr\avr\include\stdlib.h(338): error C3646: '__ATTR_MALLOC__' : unknown override specifier
     1>d:\installs\engineering tools\arduino\hardware\tools\avr\avr\include\math.h(336): error C2143: syntax error : missing ')' before ':'
     1>d:\installs\engineering tools\arduino\hardware\tools\avr\avr\include\math.h(337): error C2059: syntax error : ')'
     1>d:\installs\engineering tools\arduino\hardware\tools\avr\avr\include\math.h(413): error C2143: syntax error : missing ')' before ':'
     1>d:\installs\engineering tools\arduino\hardware\tools\avr\avr\include\math.h(414): error C2059: syntax error : ')'
     1>d:\installs\engineering tools\arduino\hardware\tools\avr\avr\include\avr\pgmspace.h(123): warning C4091: 'typedef ' : ignored on left of 'void' when no variable is declared
     1>d:\installs\engineering tools\arduino\hardware\tools\avr\avr\include\avr\interrupt.h(110): error C2010: '[' : unexpected in macro formal parameter list
     1>d:\installs\engineering tools\arduino\hardware\tools\avr\avr\include\avr\interrupt.h(110): error C2010: ']' : unexpected in macro formal parameter list
     1>d:\installs\engineering tools\arduino\hardware\tools\avr\lib\gcc\avr\4.3.2\include\stdarg.h(43): error C4430: missing type specifier - int assumed. Note: C++ does not support default-int
     1>d:\code\has\arduino\libraries\nanopb\hasmessages\hasmessage.pb.h(6): fatal error C1083: Cannot open include file: 'pb.h': No such file or directory
     1>Done Building Project "D:\Code\HAS\Arduino\Loads\MainLoad\MainLoad.vcxproj" (ClCompile target(s)) -- FAILED.

Build FAILED.

Time Elapsed 00:00:00.75
