Build started 2/1/2014 8:28:00 AM.
     1>Project "D:\Code\HAS\Arduino\Tests\ArduinoFunctionalTests\MessageBufferTest\TestMessageBuffer.vcxproj" on node 2 (build target(s)).
     1>InitializeBuildStatus:
         Touching "Debug\TestMessageBuffer.unsuccessfulbuild".
       ClCompile:
         d:\Installs\Engineering Tools\Visual Studio 2010\VC\bin\CL.exe /c /I"D:\Installs\Engineering Tools\Arduino\hardware\arduino\cores\arduino" /I"D:\Installs\Engineering Tools\Arduino\hardware\arduino\variants\standard" /ID:\Code\HAS\Arduino\libraries\Utilities /ID:\Code\HAS\Arduino\libraries\Utilities\utility /ID:\Code\HAS\Arduino\libraries\Sensor /ID:\Code\HAS\Arduino\libraries\Sensor\utility /ID:\Code\HAS\Arduino\libraries\Test /ID:\Code\HAS\Arduino\libraries\Test\utility /I"d:\installs\engineering tools\arduino\hardware\tools\avr\avr\include\\" /I"d:\installs\engineering tools\arduino\hardware\tools\avr\avr\include\avr\\" /I"d:\installs\engineering tools\arduino\hardware\tools\avr\avr\\" /I"d:\installs\engineering tools\arduino\hardware\tools\avr\lib\gcc\avr\4.3.2\include\\" /ZI /nologo /W3 /WX- /Od /Oy- /D __AVR_ATmega328p__ /D __AVR_ATmega328P__ /D ARDUINO=105 /D ARDUINO_MAIN /D __AVR__ /D __avr__ /D F_CPU=16000000L /D __cplusplus /D _MBCS /X /Gm /EHsc /RTC1 /MDd /GS /fp:precise /Zc:wchar_t /Zc:forScope /Fo"Debug\\" /Fd"Debug\vc100.pdb" /Gd /TP /FI"D:\Code\HAS\Arduino\Tests\ArduinoFunctionalTests\MessageBufferTest\Visual Micro\.MessageBufferTest.vsarduino.h" /analyze- /errorReport:prompt ..\Libraries\Utilities\MessageBuffer.cpp
         MessageBuffer.cpp
     1>c1xx : warning C4117: macro name '__cplusplus' is reserved, '#define' ignored
     1>c1xx : fatal error C1083: Cannot open source file: '..\Libraries\Utilities\MessageBuffer.cpp': No such file or directory
     1>Done Building Project "D:\Code\HAS\Arduino\Tests\ArduinoFunctionalTests\MessageBufferTest\TestMessageBuffer.vcxproj" (build target(s)) -- FAILED.

Build FAILED.

Time Elapsed 00:00:00.04
